This file contains any messages produced by compilers while
running configure, to aid debugging if configure makes a mistake.

It was created by Pistachio configure 0.1, which was
generated by GNU Autoconf 2.53.  Invocation command line was

  $ ./configure 

## --------- ##
## Platform. ##
## --------- ##

hostname = vmware.thoth.private.sigusr1.org
uname -m = i386
uname -r = 4.8-RELEASE
uname -s = FreeBSD
uname -v = FreeBSD 4.8-RELEASE #0: Thu Apr  3 10:53:38 GMT 2003     root@freebsd-stable.sentex.ca:/usr/obj/usr/src/sys/GENERIC 

/usr/bin/uname -p = i386
/bin/uname -X     = unknown

/bin/arch              = unknown
/usr/bin/arch -k       = unknown
/usr/convex/getsysinfo = unknown
hostinfo               = unknown
/bin/machine           = unknown
/usr/bin/oslevel       = unknown
/bin/universe          = unknown

PATH: /sbin
PATH: /bin
PATH: /usr/sbin
PATH: /usr/bin
PATH: /usr/games
PATH: /usr/local/sbin
PATH: /usr/local/bin
PATH: /usr/X11R6/bin
PATH: /home/kurahone/bin


## ----------- ##
## Core tests. ##
## ----------- ##

configure:1323: checking for gcc
configure:1339: found /usr/bin/gcc
configure:1349: result: gcc
configure:1593: checking for C compiler version
configure:1596: gcc --version </dev/null >&5
2.95.4
configure:1599: $? = 0
configure:1601: gcc -v </dev/null >&5
Using builtin specs.
gcc version 2.95.4 20020320 [FreeBSD]
configure:1604: $? = 0
configure:1606: gcc -V </dev/null >&5
gcc: argument to `-V' is missing
configure:1609: $? = 1
configure:1635: checking for C compiler default output
configure:1638: gcc    conftest.c  >&5
configure:1641: $? = 0
configure:1674: result: a.out
configure:1679: checking whether the C compiler works
configure:1685: ./a.out
configure:1688: $? = 0
configure:1703: result: yes
configure:1710: checking whether we are cross compiling
configure:1712: result: no
configure:1715: checking for suffix of executables
configure:1717: gcc -o conftest    conftest.c  >&5
configure:1720: $? = 0
configure:1742: result: 
configure:1748: checking for suffix of object files
configure:1772: gcc -c   conftest.c >&5
configure:1775: $? = 0
configure:1794: result: o
configure:1798: checking whether we are using the GNU C compiler
configure:1825: gcc -c   conftest.c >&5
configure:1828: $? = 0
configure:1831: test -s conftest.o
configure:1834: $? = 0
configure:1846: result: yes
configure:1852: checking whether gcc accepts -g
configure:1876: gcc -c -g  conftest.c >&5
configure:1879: $? = 0
configure:1882: test -s conftest.o
configure:1885: $? = 0
configure:1895: result: yes
configure:1922: gcc -c -g -O2  conftest.c >&5
conftest.c:2: syntax error before `me'
configure:1925: $? = 1
configure: failed program was:
#ifndef __cplusplus
  choke me
#endif
configure:2072: checking for a BSD-compatible install
configure:2126: result: /usr/bin/install -c
configure:2137: checking whether make sets ${MAKE}
configure:2157: result: yes
configure:2166: checking whether ln -s works
configure:2170: result: yes
configure:2241: checking location of stdarg.h
configure:2245: result: /usr/lib
configure:2248: checking location of stdarg.h
configure:2261: result: /usr/include
configure:2270: checking kernel build directory
configure:2312: result: $(top_builddir)
configure:2479: creating ./config.status

## ---------------------- ##
## Running config.status. ##
## ---------------------- ##

This file was extended by Pistachio config.status 0.1, which was
generated by GNU Autoconf 2.53.  Invocation command line was

  CONFIG_FILES    = 
  CONFIG_HEADERS  = 
  CONFIG_LINKS    = 
  CONFIG_COMMANDS = 
  $ ./config.status 

on vmware.thoth.private.sigusr1.org

config.status:591: creating config.mk
config.status:591: creating Makefile
config.status:591: creating lib/Makefile
config.status:591: creating lib/l4/Makefile
config.status:591: creating lib/io/Makefile
config.status:591: creating serv/Makefile
config.status:591: creating serv/sigma0/Makefile
config.status:591: creating apps/Makefile
config.status:591: creating apps/bench/Makefile
config.status:591: creating apps/bench/pingpong/Makefile
config.status:591: creating util/Makefile
config.status:591: creating util/kickstart/Makefile
config.status:591: creating util/piggybacker/Makefile
config.status:591: creating util/piggybacker/ofppc/Makefile
config.status:591: creating contrib/Makefile
config.status:591: creating contrib/elf-loader/Makefile
config.status:695: creating config.h
config.status:776: config.h is unchanged

## ---------------- ##
## Cache variables. ##
## ---------------- ##

ac_cv_c_compiler_gnu=yes
ac_cv_env_CC_set=
ac_cv_env_CC_value=
ac_cv_env_CFLAGS_set=
ac_cv_env_CFLAGS_value=
ac_cv_env_CPPFLAGS_set=
ac_cv_env_CPPFLAGS_value=
ac_cv_env_LDFLAGS_set=
ac_cv_env_LDFLAGS_value=
ac_cv_env_build_alias_set=
ac_cv_env_build_alias_value=
ac_cv_env_host_alias_set=
ac_cv_env_host_alias_value=
ac_cv_env_target_alias_set=
ac_cv_env_target_alias_value=
ac_cv_exeext=
ac_cv_objext=o
ac_cv_path_install='/usr/bin/install -c'
ac_cv_prog_ac_ct_CC=gcc
ac_cv_prog_cc_g=yes
ac_cv_prog_make_make_set=yes

## ----------- ##
## confdefs.h. ##
## ----------- ##

#define PACKAGE_NAME "Pistachio"
#define PACKAGE_TARNAME "pistachio"
#define PACKAGE_VERSION "0.1"
#define PACKAGE_STRING "Pistachio 0.1"
#define PACKAGE_BUGREPORT ""

configure: exit 0
